<!DOCTYPE html>

<html>
  <head>
  <meta charset='utf-8'>
  <title>TestNG reports</title>

    <link type="text/css" href="testng-reports1.css" rel="stylesheet" id="ultra" />
    <link type="text/css" href="testng-reports.css" rel="stylesheet" id="retro" disabled="false"/>
    <script type="text/javascript" src="jquery-3.6.0.min.js"></script>
    <script type="text/javascript" src="testng-reports.js"></script>
    <script type="text/javascript" src="https://www.google.com/jsapi"></script>
    <script type='text/javascript'>
      google.load('visualization', '1', {packages:['table']});
      google.setOnLoadCallback(drawTable);
      var suiteTableInitFunctions = new Array();
      var suiteTableData = new Array();
    </script>
    <!--
      <script type="text/javascript" src="jquery-ui/js/jquery-ui-1.8.16.custom.min.js"></script>
     -->
  </head>

  <body>    <div class="top-banner-root">
      <span class="top-banner-title-font">Test results</span>
      <button id="button" class="button">Switch Retro Theme</button> <!-- button -->
      <br/>
      <span class="top-banner-font-1">1 suite, 8 failed tests</span>
    </div> <!-- top-banner-root -->
    <div class="navigator-root">
      <div class="navigator-suite-header">
        <span>All suites</span>
        <a href="#" title="Collapse/expand all the suites" class="collapse-all-link">
          <img src="collapseall.gif" class="collapse-all-icon">
          </img> <!-- collapse-all-icon -->
        </a> <!-- collapse-all-link -->
      </div> <!-- navigator-suite-header -->
      <div class="suite">
        <div class="rounded-window">
          <div class="suite-header light-rounded-window-top">
            <a href="#" panel-name="suite-Cucumber_Test_Suite" class="navigator-link">
              <span class="suite-name border-failed">Cucumber Test Suite</span>
            </a> <!-- navigator-link -->
          </div> <!-- suite-header light-rounded-window-top -->
          <div class="navigator-suite-content">
            <div class="suite-section-title">
              <span>Info</span>
            </div> <!-- suite-section-title -->
            <div class="suite-section-content">
              <ul>
                <li>
                  <a href="#" panel-name="test-xml-Cucumber_Test_Suite" class="navigator-link ">
                    <span>F:\JavaWorkSpace\LMS\testNG.xml</span>
                  </a> <!-- navigator-link  -->
                </li>
                <li>
                  <a href="#" panel-name="testlist-Cucumber_Test_Suite" class="navigator-link ">
                    <span class="test-stats">1 test</span>
                  </a> <!-- navigator-link  -->
                </li>
                <li>
                  <a href="#" panel-name="group-Cucumber_Test_Suite" class="navigator-link ">
                    <span>1 group</span>
                  </a> <!-- navigator-link  -->
                </li>
                <li>
                  <a href="#" panel-name="times-Cucumber_Test_Suite" class="navigator-link ">
                    <span>Times</span>
                  </a> <!-- navigator-link  -->
                </li>
                <li>
                  <a href="#" panel-name="reporter-Cucumber_Test_Suite" class="navigator-link ">
                    <span>Reporter output</span>
                  </a> <!-- navigator-link  -->
                </li>
                <li>
                  <a href="#" panel-name="ignored-methods-Cucumber_Test_Suite" class="navigator-link ">
                    <span>Ignored methods</span>
                  </a> <!-- navigator-link  -->
                </li>
                <li>
                  <a href="#" panel-name="chronological-Cucumber_Test_Suite" class="navigator-link ">
                    <span>Chronological view</span>
                  </a> <!-- navigator-link  -->
                </li>
              </ul>
            </div> <!-- suite-section-content -->
            <div class="result-section">
              <div class="suite-section-title">
                <span>Results</span>
              </div> <!-- suite-section-title -->
              <div class="suite-section-content">
                <ul>
                  <li>
                    <span class="method-stats">16 methods, 8 failed,   8 passed</span>
                  </li>
                  <li>
                    <span class="method-list-title failed">Failed methods</span>
                    <span class="show-or-hide-methods failed">
                      <a href="#" panel-name="suite-Cucumber_Test_Suite" class="hide-methods failed suite-Cucumber_Test_Suite"> (hide)</a> <!-- hide-methods failed suite-Cucumber_Test_Suite -->
                      <a href="#" panel-name="suite-Cucumber_Test_Suite" class="show-methods failed suite-Cucumber_Test_Suite"> (show)</a> <!-- show-methods failed suite-Cucumber_Test_Suite -->
                    </span>
                    <div class="method-list-content failed suite-Cucumber_Test_Suite">
                      <span>
                        <img src="failed.png" width="3%"/>
                        <a href="#" panel-name="suite-Cucumber_Test_Suite" title="runners.TestRunner" class="method navigator-link" hash-for-method="runScenario(&quot;Login with invalid password&quot;, &quot;Login functionality&quot;)">runScenario("Login with invalid password", "Login functionality")</a> <!-- method navigator-link -->
                      </span>
                      <br/>
                      <span>
                        <img src="failed.png" width="3%"/>
                        <a href="#" panel-name="suite-Cucumber_Test_Suite" title="runners.TestRunner" class="method navigator-link" hash-for-method="runScenario(&quot;Login with both fields empty&quot;, &quot;Login functionality&quot;)">runScenario("Login with both fields empty", "Login functionality")</a> <!-- method navigator-link -->
                      </span>
                      <br/>
                      <span>
                        <img src="failed.png" width="3%"/>
                        <a href="#" panel-name="suite-Cucumber_Test_Suite" title="runners.TestRunner" class="method navigator-link" hash-for-method="runScenario(&quot;Login with empty username&quot;, &quot;Login functionality&quot;)">runScenario("Login with empty username", "Login functionality")</a> <!-- method navigator-link -->
                      </span>
                      <br/>
                      <span>
                        <img src="failed.png" width="3%"/>
                        <a href="#" panel-name="suite-Cucumber_Test_Suite" title="runners.TestRunner" class="method navigator-link" hash-for-method="runScenario(&quot;Login with invalid username&quot;, &quot;Login functionality&quot;)">runScenario("Login with invalid username", "Login functionality")</a> <!-- method navigator-link -->
                      </span>
                      <br/>
                      <span>
                        <img src="failed.png" width="3%"/>
                        <a href="#" panel-name="suite-Cucumber_Test_Suite" title="runners.TestRunner" class="method navigator-link" hash-for-method="runScenario(&quot;Signup with all fields empty&quot;, &quot;Signup&quot;)">runScenario("Signup with all fields empty", "Signup")</a> <!-- method navigator-link -->
                      </span>
                      <br/>
                      <span>
                        <img src="failed.png" width="3%"/>
                        <a href="#" panel-name="suite-Cucumber_Test_Suite" title="runners.TestRunner" class="method navigator-link" hash-for-method="runScenario(&quot;Login with case-sensitive username&quot;, &quot;Login functionality&quot;)">runScenario("Login with case-sensitive username", "Login functionality")</a> <!-- method navigator-link -->
                      </span>
                      <br/>
                      <span>
                        <img src="failed.png" width="3%"/>
                        <a href="#" panel-name="suite-Cucumber_Test_Suite" title="runners.TestRunner" class="method navigator-link" hash-for-method="runScenario(&quot;Login with empty password&quot;, &quot;Login functionality&quot;)">runScenario("Login with empty password", "Login functionality")</a> <!-- method navigator-link -->
                      </span>
                      <br/>
                      <span>
                        <img src="failed.png" width="3%"/>
                        <a href="#" panel-name="suite-Cucumber_Test_Suite" title="runners.TestRunner" class="method navigator-link" hash-for-method="runScenario(&quot;Signup with invalid email format&quot;, &quot;Signup&quot;)">runScenario("Signup with invalid email format", "Signup")</a> <!-- method navigator-link -->
                      </span>
                      <br/>
                    </div> <!-- method-list-content failed suite-Cucumber_Test_Suite -->
                  </li>
                  <li>
                    <span class="method-list-title passed">Passed methods</span>
                    <span class="show-or-hide-methods passed">
                      <a href="#" panel-name="suite-Cucumber_Test_Suite" class="hide-methods passed suite-Cucumber_Test_Suite"> (hide)</a> <!-- hide-methods passed suite-Cucumber_Test_Suite -->
                      <a href="#" panel-name="suite-Cucumber_Test_Suite" class="show-methods passed suite-Cucumber_Test_Suite"> (show)</a> <!-- show-methods passed suite-Cucumber_Test_Suite -->
                    </span>
                    <div class="method-list-content passed suite-Cucumber_Test_Suite">
                      <span>
                        <img src="passed.png" width="3%"/>
                        <a href="#" panel-name="suite-Cucumber_Test_Suite" title="runners.TestRunner" class="method navigator-link" hash-for-method="runScenario(&quot;Signup with weak password&quot;, &quot;Signup&quot;)">runScenario("Signup with weak password", "Signup")</a> <!-- method navigator-link -->
                      </span>
                      <br/>
                      <span>
                        <img src="passed.png" width="3%"/>
                        <a href="#" panel-name="suite-Cucumber_Test_Suite" title="runners.TestRunner" class="method navigator-link" hash-for-method="runScenario(&quot;Signup with empty email&quot;, &quot;Signup&quot;)">runScenario("Signup with empty email", "Signup")</a> <!-- method navigator-link -->
                      </span>
                      <br/>
                      <span>
                        <img src="passed.png" width="3%"/>
                        <a href="#" panel-name="suite-Cucumber_Test_Suite" title="runners.TestRunner" class="method navigator-link" hash-for-method="runScenario(&quot;Signup with empty username&quot;, &quot;Signup&quot;)">runScenario("Signup with empty username", "Signup")</a> <!-- method navigator-link -->
                      </span>
                      <br/>
                      <span>
                        <img src="passed.png" width="3%"/>
                        <a href="#" panel-name="suite-Cucumber_Test_Suite" title="runners.TestRunner" class="method navigator-link" hash-for-method="runScenario(&quot;Signup with unselected role&quot;, &quot;Signup&quot;)">runScenario("Signup with unselected role", "Signup")</a> <!-- method navigator-link -->
                      </span>
                      <br/>
                      <span>
                        <img src="passed.png" width="3%"/>
                        <a href="#" panel-name="suite-Cucumber_Test_Suite" title="runners.TestRunner" class="method navigator-link" hash-for-method="runScenario(&quot;Successful login with valid username and password&quot;, &quot;Login functionality&quot;)">runScenario("Successful login with valid username and password", "Login functionality")</a> <!-- method navigator-link -->
                      </span>
                      <br/>
                      <span>
                        <img src="passed.png" width="3%"/>
                        <a href="#" panel-name="suite-Cucumber_Test_Suite" title="runners.TestRunner" class="method navigator-link" hash-for-method="runScenario(&quot;Signup with empty password&quot;, &quot;Signup&quot;)">runScenario("Signup with empty password", "Signup")</a> <!-- method navigator-link -->
                      </span>
                      <br/>
                      <span>
                        <img src="passed.png" width="3%"/>
                        <a href="#" panel-name="suite-Cucumber_Test_Suite" title="runners.TestRunner" class="method navigator-link" hash-for-method="runScenario(&quot;Successful signup with valid username, email, password, and role&quot;, &quot;Signup&quot;)">runScenario("Successful signup with valid username, email, password, and role", "Signup")</a> <!-- method navigator-link -->
                      </span>
                      <br/>
                      <span>
                        <img src="passed.png" width="3%"/>
                        <a href="#" panel-name="suite-Cucumber_Test_Suite" title="runners.TestRunner" class="method navigator-link" hash-for-method="runScenario(&quot;Signup with already registered email&quot;, &quot;Signup&quot;)">runScenario("Signup with already registered email", "Signup")</a> <!-- method navigator-link -->
                      </span>
                      <br/>
                    </div> <!-- method-list-content passed suite-Cucumber_Test_Suite -->
                  </li>
                </ul>
              </div> <!-- suite-section-content -->
            </div> <!-- result-section -->
          </div> <!-- navigator-suite-content -->
        </div> <!-- rounded-window -->
      </div> <!-- suite -->
    </div> <!-- navigator-root -->
    <div class="wrapper">
      <div class="main-panel-root">
        <div panel-name="suite-Cucumber_Test_Suite" class="panel Cucumber_Test_Suite">
          <div class="suite-Cucumber_Test_Suite-class-failed">
            <div class="main-panel-header rounded-window-top">
              <img src="failed.png"/>
              <span class="class-name">runners.TestRunner</span>
            </div> <!-- main-panel-header rounded-window-top -->
            <div class="main-panel-content rounded-window-bottom">
              <div class="method">
                <div class="method-content">
                  <a name="runScenario(&quot;Login with invalid password&quot;, &quot;Login functionality&quot;)">
                  </a> <!-- runScenario("Login with invalid password", "Login functionality") -->
                  <span class="method-name">runScenario</span>
                  <span class="parameters">("Login with invalid password","Login functionality")</span>
                  <div class="stack-trace">org.openqa.selenium.TimeoutException: Expected condition failed: waiting for visibility of element located by By.xpath: //div[@id=&apos;1&apos;] (tried for 10 second(s) with 500 milliseconds interval)
Build info: version: &apos;4.21.0&apos;, revision: &apos;79ed462ef4&apos;
System info: os.name: &apos;Windows 11&apos;, os.arch: &apos;amd64&apos;, os.version: &apos;10.0&apos;, java.version: &apos;23.0.1&apos;
Driver info: org.openqa.selenium.chrome.ChromeDriver
Capabilities {acceptInsecureCerts: false, browserName: chrome, browserVersion: 136.0.7103.114, chrome: {chromedriverVersion: 136.0.7103.94 (fa0be0b33deb..., userDataDir: C:\Users\DELL\AppData\Local...}, fedcm:accounts: true, goog:chromeOptions: {debuggerAddress: localhost:55385}, networkConnectionEnabled: false, pageLoadStrategy: normal, platformName: windows, proxy: Proxy(), se:cdp: ws://localhost:55385/devtoo..., se:cdpVersion: 136.0.7103.114, setWindowRect: true, strictFileInteractability: false, timeouts: {implicit: 0, pageLoad: 300000, script: 30000}, unhandledPromptBehavior: dismiss and notify, webauthn:extension:credBlob: true, webauthn:extension:largeBlob: true, webauthn:extension:minPinLength: true, webauthn:extension:prf: true, webauthn:virtualAuthenticators: true}
Session ID: 8f61c062275e0805606068c63dea488b
	at org.openqa.selenium.support.ui.WebDriverWait.timeoutException(WebDriverWait.java:84)
	at org.openqa.selenium.support.ui.FluentWait.until(FluentWait.java:228)
	at stepDefinitions.SignupSteps.an_error_message_should_be_displayed(SignupSteps.java:75)
	at ✽.An error message &quot;Invalid username or password&quot; should be displayed(file:///F:/JavaWorkSpace/LMS/src/test/resources/features/login.feature:42)

</div> <!-- stack-trace -->
                  <em>
(Runs Cucumber Scenarios)                  </em>
                </div> <!-- method-content -->
              </div> <!-- method -->
              <div class="method">
                <div class="method-content">
                  <a name="runScenario(&quot;Login with both fields empty&quot;, &quot;Login functionality&quot;)">
                  </a> <!-- runScenario("Login with both fields empty", "Login functionality") -->
                  <span class="method-name">runScenario</span>
                  <span class="parameters">("Login with both fields empty","Login functionality")</span>
                  <div class="stack-trace">io.cucumber.testng.UndefinedStepException: The step &apos;User leaves the login username field empty &quot;&quot;&apos; and 1 other step(s) are undefined.
You can implement these steps using the snippet(s) below:

@When(&quot;User leaves the login username field empty {string}&quot;)
public void user_leaves_the_login_username_field_empty(String string) {
    // Write code here that turns the phrase above into concrete actions
    throw new io.cucumber.java.PendingException();
}
@When(&quot;User leaves the login password field empty {string}&quot;)
public void user_leaves_the_login_password_field_empty(String string) {
    // Write code here that turns the phrase above into concrete actions
    throw new io.cucumber.java.PendingException();
}

	at io.cucumber.core.runtime.TestCaseResultObserver.assertTestCasePassed(TestCaseResultObserver.java:69)
	at io.cucumber.testng.TestCaseResultObserver.assertTestCasePassed(TestCaseResultObserver.java:23)
	at io.cucumber.testng.TestNGCucumberRunner.lambda$runScenario$1(TestNGCucumberRunner.java:133)
	at io.cucumber.core.runtime.CucumberExecutionContext.lambda$runTestCase$5(CucumberExecutionContext.java:137)
	at io.cucumber.core.runtime.RethrowingThrowableCollector.executeAndThrow(RethrowingThrowableCollector.java:23)
	at io.cucumber.core.runtime.CucumberExecutionContext.runTestCase(CucumberExecutionContext.java:137)
	at io.cucumber.testng.TestNGCucumberRunner.runScenario(TestNGCucumberRunner.java:129)
	at io.cucumber.testng.AbstractTestNGCucumberTests.runScenario(AbstractTestNGCucumberTests.java:35)
	at java.base/java.util.ArrayList.forEach(ArrayList.java:1597)
... Removed 25 stack frames
</div> <!-- stack-trace -->
                  <em>
(Runs Cucumber Scenarios)                  </em>
                </div> <!-- method-content -->
              </div> <!-- method -->
              <div class="method">
                <div class="method-content">
                  <a name="runScenario(&quot;Login with empty username&quot;, &quot;Login functionality&quot;)">
                  </a> <!-- runScenario("Login with empty username", "Login functionality") -->
                  <span class="method-name">runScenario</span>
                  <span class="parameters">("Login with empty username","Login functionality")</span>
                  <div class="stack-trace">io.cucumber.testng.UndefinedStepException: The step &apos;User leaves the login username field empty &quot;&quot;&apos; is undefined.
You can implement this step using the snippet(s) below:

@When(&quot;User leaves the login username field empty {string}&quot;)
public void user_leaves_the_login_username_field_empty(String string) {
    // Write code here that turns the phrase above into concrete actions
    throw new io.cucumber.java.PendingException();
}

	at io.cucumber.core.runtime.TestCaseResultObserver.assertTestCasePassed(TestCaseResultObserver.java:69)
	at io.cucumber.testng.TestCaseResultObserver.assertTestCasePassed(TestCaseResultObserver.java:23)
	at io.cucumber.testng.TestNGCucumberRunner.lambda$runScenario$1(TestNGCucumberRunner.java:133)
	at io.cucumber.core.runtime.CucumberExecutionContext.lambda$runTestCase$5(CucumberExecutionContext.java:137)
	at io.cucumber.core.runtime.RethrowingThrowableCollector.executeAndThrow(RethrowingThrowableCollector.java:23)
	at io.cucumber.core.runtime.CucumberExecutionContext.runTestCase(CucumberExecutionContext.java:137)
	at io.cucumber.testng.TestNGCucumberRunner.runScenario(TestNGCucumberRunner.java:129)
	at io.cucumber.testng.AbstractTestNGCucumberTests.runScenario(AbstractTestNGCucumberTests.java:35)
	at java.base/java.util.ArrayList.forEach(ArrayList.java:1597)
... Removed 25 stack frames
</div> <!-- stack-trace -->
                  <em>
(Runs Cucumber Scenarios)                  </em>
                </div> <!-- method-content -->
              </div> <!-- method -->
              <div class="method">
                <div class="method-content">
                  <a name="runScenario(&quot;Login with invalid username&quot;, &quot;Login functionality&quot;)">
                  </a> <!-- runScenario("Login with invalid username", "Login functionality") -->
                  <span class="method-name">runScenario</span>
                  <span class="parameters">("Login with invalid username","Login functionality")</span>
                  <div class="stack-trace">org.openqa.selenium.TimeoutException: Expected condition failed: waiting for visibility of element located by By.xpath: //div[@id=&apos;1&apos;] (tried for 10 second(s) with 500 milliseconds interval)
Build info: version: &apos;4.21.0&apos;, revision: &apos;79ed462ef4&apos;
System info: os.name: &apos;Windows 11&apos;, os.arch: &apos;amd64&apos;, os.version: &apos;10.0&apos;, java.version: &apos;23.0.1&apos;
Driver info: org.openqa.selenium.chrome.ChromeDriver
Capabilities {acceptInsecureCerts: false, browserName: chrome, browserVersion: 136.0.7103.114, chrome: {chromedriverVersion: 136.0.7103.94 (fa0be0b33deb..., userDataDir: C:\Users\DELL\AppData\Local...}, fedcm:accounts: true, goog:chromeOptions: {debuggerAddress: localhost:55361}, networkConnectionEnabled: false, pageLoadStrategy: normal, platformName: windows, proxy: Proxy(), se:cdp: ws://localhost:55361/devtoo..., se:cdpVersion: 136.0.7103.114, setWindowRect: true, strictFileInteractability: false, timeouts: {implicit: 0, pageLoad: 300000, script: 30000}, unhandledPromptBehavior: dismiss and notify, webauthn:extension:credBlob: true, webauthn:extension:largeBlob: true, webauthn:extension:minPinLength: true, webauthn:extension:prf: true, webauthn:virtualAuthenticators: true}
Session ID: d23676cd3f723876304ba1672532927e
	at org.openqa.selenium.support.ui.WebDriverWait.timeoutException(WebDriverWait.java:84)
	at org.openqa.selenium.support.ui.FluentWait.until(FluentWait.java:228)
	at stepDefinitions.SignupSteps.an_error_message_should_be_displayed(SignupSteps.java:75)
	at ✽.An error message &quot;Invalid username or password&quot; should be displayed(file:///F:/JavaWorkSpace/LMS/src/test/resources/features/login.feature:36)

</div> <!-- stack-trace -->
                  <em>
(Runs Cucumber Scenarios)                  </em>
                </div> <!-- method-content -->
              </div> <!-- method -->
              <div class="method">
                <div class="method-content">
                  <a name="runScenario(&quot;Signup with all fields empty&quot;, &quot;Signup&quot;)">
                  </a> <!-- runScenario("Signup with all fields empty", "Signup") -->
                  <span class="method-name">runScenario</span>
                  <span class="parameters">("Signup with all fields empty","Signup")</span>
                  <div class="stack-trace">io.cucumber.testng.UndefinedStepException: The step &apos;User leaves the username field empty&apos; and 2 other step(s) are undefined.
You can implement these steps using the snippet(s) below:

@When(&quot;User leaves the username field empty&quot;)
public void user_leaves_the_username_field_empty() {
    // Write code here that turns the phrase above into concrete actions
    throw new io.cucumber.java.PendingException();
}
@When(&quot;User leaves the email field empty&quot;)
public void user_leaves_the_email_field_empty() {
    // Write code here that turns the phrase above into concrete actions
    throw new io.cucumber.java.PendingException();
}
@When(&quot;User leaves the password field empty&quot;)
public void user_leaves_the_password_field_empty() {
    // Write code here that turns the phrase above into concrete actions
    throw new io.cucumber.java.PendingException();
}

	at io.cucumber.core.runtime.TestCaseResultObserver.assertTestCasePassed(TestCaseResultObserver.java:69)
	at io.cucumber.testng.TestCaseResultObserver.assertTestCasePassed(TestCaseResultObserver.java:23)
	at io.cucumber.testng.TestNGCucumberRunner.lambda$runScenario$1(TestNGCucumberRunner.java:133)
	at io.cucumber.core.runtime.CucumberExecutionContext.lambda$runTestCase$5(CucumberExecutionContext.java:137)
	at io.cucumber.core.runtime.RethrowingThrowableCollector.executeAndThrow(RethrowingThrowableCollector.java:23)
	at io.cucumber.core.runtime.CucumberExecutionContext.runTestCase(CucumberExecutionContext.java:137)
	at io.cucumber.testng.TestNGCucumberRunner.runScenario(TestNGCucumberRunner.java:129)
	at io.cucumber.testng.AbstractTestNGCucumberTests.runScenario(AbstractTestNGCucumberTests.java:35)
	at java.base/java.util.ArrayList.forEach(ArrayList.java:1597)
... Removed 25 stack frames
</div> <!-- stack-trace -->
                  <em>
(Runs Cucumber Scenarios)                  </em>
                </div> <!-- method-content -->
              </div> <!-- method -->
              <div class="method">
                <div class="method-content">
                  <a name="runScenario(&quot;Login with case-sensitive username&quot;, &quot;Login functionality&quot;)">
                  </a> <!-- runScenario("Login with case-sensitive username", "Login functionality") -->
                  <span class="method-name">runScenario</span>
                  <span class="parameters">("Login with case-sensitive username","Login functionality")</span>
                  <div class="stack-trace">org.openqa.selenium.TimeoutException: Expected condition failed: waiting for visibility of element located by By.xpath: //div[@id=&apos;1&apos;] (tried for 10 second(s) with 500 milliseconds interval)
Build info: version: &apos;4.21.0&apos;, revision: &apos;79ed462ef4&apos;
System info: os.name: &apos;Windows 11&apos;, os.arch: &apos;amd64&apos;, os.version: &apos;10.0&apos;, java.version: &apos;23.0.1&apos;
Driver info: org.openqa.selenium.chrome.ChromeDriver
Capabilities {acceptInsecureCerts: false, browserName: chrome, browserVersion: 136.0.7103.114, chrome: {chromedriverVersion: 136.0.7103.94 (fa0be0b33deb..., userDataDir: C:\Users\DELL\AppData\Local...}, fedcm:accounts: true, goog:chromeOptions: {debuggerAddress: localhost:55411}, networkConnectionEnabled: false, pageLoadStrategy: normal, platformName: windows, proxy: Proxy(), se:cdp: ws://localhost:55411/devtoo..., se:cdpVersion: 136.0.7103.114, setWindowRect: true, strictFileInteractability: false, timeouts: {implicit: 0, pageLoad: 300000, script: 30000}, unhandledPromptBehavior: dismiss and notify, webauthn:extension:credBlob: true, webauthn:extension:largeBlob: true, webauthn:extension:minPinLength: true, webauthn:extension:prf: true, webauthn:virtualAuthenticators: true}
Session ID: 6c3b4e2fdb68b29f3b9294f0b8b02b1a
	at org.openqa.selenium.support.ui.WebDriverWait.timeoutException(WebDriverWait.java:84)
	at org.openqa.selenium.support.ui.FluentWait.until(FluentWait.java:228)
	at stepDefinitions.SignupSteps.an_error_message_should_be_displayed(SignupSteps.java:75)
	at ✽.An error message &quot;Invalid username or password&quot; should be displayed(file:///F:/JavaWorkSpace/LMS/src/test/resources/features/login.feature:48)

</div> <!-- stack-trace -->
                  <em>
(Runs Cucumber Scenarios)                  </em>
                </div> <!-- method-content -->
              </div> <!-- method -->
              <div class="method">
                <div class="method-content">
                  <a name="runScenario(&quot;Login with empty password&quot;, &quot;Login functionality&quot;)">
                  </a> <!-- runScenario("Login with empty password", "Login functionality") -->
                  <span class="method-name">runScenario</span>
                  <span class="parameters">("Login with empty password","Login functionality")</span>
                  <div class="stack-trace">io.cucumber.testng.UndefinedStepException: The step &apos;User leaves the login password field empty &quot;&quot;&apos; is undefined.
You can implement this step using the snippet(s) below:

@When(&quot;User leaves the login password field empty {string}&quot;)
public void user_leaves_the_login_password_field_empty(String string) {
    // Write code here that turns the phrase above into concrete actions
    throw new io.cucumber.java.PendingException();
}

	at io.cucumber.core.runtime.TestCaseResultObserver.assertTestCasePassed(TestCaseResultObserver.java:69)
	at io.cucumber.testng.TestCaseResultObserver.assertTestCasePassed(TestCaseResultObserver.java:23)
	at io.cucumber.testng.TestNGCucumberRunner.lambda$runScenario$1(TestNGCucumberRunner.java:133)
	at io.cucumber.core.runtime.CucumberExecutionContext.lambda$runTestCase$5(CucumberExecutionContext.java:137)
	at io.cucumber.core.runtime.RethrowingThrowableCollector.executeAndThrow(RethrowingThrowableCollector.java:23)
	at io.cucumber.core.runtime.CucumberExecutionContext.runTestCase(CucumberExecutionContext.java:137)
	at io.cucumber.testng.TestNGCucumberRunner.runScenario(TestNGCucumberRunner.java:129)
	at io.cucumber.testng.AbstractTestNGCucumberTests.runScenario(AbstractTestNGCucumberTests.java:35)
	at java.base/java.util.ArrayList.forEach(ArrayList.java:1597)
... Removed 25 stack frames
</div> <!-- stack-trace -->
                  <em>
(Runs Cucumber Scenarios)                  </em>
                </div> <!-- method-content -->
              </div> <!-- method -->
              <div class="method">
                <div class="method-content">
                  <a name="runScenario(&quot;Signup with invalid email format&quot;, &quot;Signup&quot;)">
                  </a> <!-- runScenario("Signup with invalid email format", "Signup") -->
                  <span class="method-name">runScenario</span>
                  <span class="parameters">("Signup with invalid email format","Signup")</span>
                  <div class="stack-trace">org.openqa.selenium.TimeoutException: Expected condition failed: waiting for visibility of element located by By.xpath: //div[@id=&apos;1&apos;] (tried for 10 second(s) with 500 milliseconds interval)
Build info: version: &apos;4.21.0&apos;, revision: &apos;79ed462ef4&apos;
System info: os.name: &apos;Windows 11&apos;, os.arch: &apos;amd64&apos;, os.version: &apos;10.0&apos;, java.version: &apos;23.0.1&apos;
Driver info: org.openqa.selenium.chrome.ChromeDriver
Capabilities {acceptInsecureCerts: false, browserName: chrome, browserVersion: 136.0.7103.114, chrome: {chromedriverVersion: 136.0.7103.94 (fa0be0b33deb..., userDataDir: C:\Users\DELL\AppData\Local...}, fedcm:accounts: true, goog:chromeOptions: {debuggerAddress: localhost:55555}, networkConnectionEnabled: false, pageLoadStrategy: normal, platformName: windows, proxy: Proxy(), se:cdp: ws://localhost:55555/devtoo..., se:cdpVersion: 136.0.7103.114, setWindowRect: true, strictFileInteractability: false, timeouts: {implicit: 0, pageLoad: 300000, script: 30000}, unhandledPromptBehavior: dismiss and notify, webauthn:extension:credBlob: true, webauthn:extension:largeBlob: true, webauthn:extension:minPinLength: true, webauthn:extension:prf: true, webauthn:virtualAuthenticators: true}
Session ID: 50927bc8424b55239a966063739d023d
	at org.openqa.selenium.support.ui.WebDriverWait.timeoutException(WebDriverWait.java:84)
	at org.openqa.selenium.support.ui.FluentWait.until(FluentWait.java:228)
	at stepDefinitions.SignupSteps.an_error_message_should_be_popup(SignupSteps.java:92)
	at ✽.An error message &quot;Invalid Email Input&quot; should be popup(file:///F:/JavaWorkSpace/LMS/src/test/resources/features/signup.feature:54)

</div> <!-- stack-trace -->
                  <em>
(Runs Cucumber Scenarios)                  </em>
                </div> <!-- method-content -->
              </div> <!-- method -->
            </div> <!-- main-panel-content rounded-window-bottom -->
          </div> <!-- suite-Cucumber_Test_Suite-class-failed -->
          <div class="suite-Cucumber_Test_Suite-class-passed">
            <div class="main-panel-header rounded-window-top">
              <img src="passed.png"/>
              <span class="class-name">runners.TestRunner</span>
            </div> <!-- main-panel-header rounded-window-top -->
            <div class="main-panel-content rounded-window-bottom">
              <div class="method">
                <div class="method-content">
                  <a name="runScenario(&quot;Signup with weak password&quot;, &quot;Signup&quot;)">
                  </a> <!-- runScenario("Signup with weak password", "Signup") -->
                  <span class="method-name">runScenario</span>
                  <span class="parameters">("Signup with weak password","Signup")</span>
                  <em>
(Runs Cucumber Scenarios)                  </em>
                </div> <!-- method-content -->
              </div> <!-- method -->
              <div class="method">
                <div class="method-content">
                  <a name="runScenario(&quot;Signup with empty email&quot;, &quot;Signup&quot;)">
                  </a> <!-- runScenario("Signup with empty email", "Signup") -->
                  <span class="method-name">runScenario</span>
                  <span class="parameters">("Signup with empty email","Signup")</span>
                  <em>
(Runs Cucumber Scenarios)                  </em>
                </div> <!-- method-content -->
              </div> <!-- method -->
              <div class="method">
                <div class="method-content">
                  <a name="runScenario(&quot;Signup with empty username&quot;, &quot;Signup&quot;)">
                  </a> <!-- runScenario("Signup with empty username", "Signup") -->
                  <span class="method-name">runScenario</span>
                  <span class="parameters">("Signup with empty username","Signup")</span>
                  <em>
(Runs Cucumber Scenarios)                  </em>
                </div> <!-- method-content -->
              </div> <!-- method -->
              <div class="method">
                <div class="method-content">
                  <a name="runScenario(&quot;Signup with unselected role&quot;, &quot;Signup&quot;)">
                  </a> <!-- runScenario("Signup with unselected role", "Signup") -->
                  <span class="method-name">runScenario</span>
                  <span class="parameters">("Signup with unselected role","Signup")</span>
                  <em>
(Runs Cucumber Scenarios)                  </em>
                </div> <!-- method-content -->
              </div> <!-- method -->
              <div class="method">
                <div class="method-content">
                  <a name="runScenario(&quot;Successful login with valid username and password&quot;, &quot;Login functionality&quot;)">
                  </a> <!-- runScenario("Successful login with valid username and password", "Login functionality") -->
                  <span class="method-name">runScenario</span>
                  <span class="parameters">("Successful login with valid username and password","Login functionality")</span>
                  <em>
(Runs Cucumber Scenarios)                  </em>
                </div> <!-- method-content -->
              </div> <!-- method -->
              <div class="method">
                <div class="method-content">
                  <a name="runScenario(&quot;Signup with empty password&quot;, &quot;Signup&quot;)">
                  </a> <!-- runScenario("Signup with empty password", "Signup") -->
                  <span class="method-name">runScenario</span>
                  <span class="parameters">("Signup with empty password","Signup")</span>
                  <em>
(Runs Cucumber Scenarios)                  </em>
                </div> <!-- method-content -->
              </div> <!-- method -->
              <div class="method">
                <div class="method-content">
                  <a name="runScenario(&quot;Successful signup with valid username, email, password, and role&quot;, &quot;Signup&quot;)">
                  </a> <!-- runScenario("Successful signup with valid username, email, password, and role", "Signup") -->
                  <span class="method-name">runScenario</span>
                  <span class="parameters">("Successful signup with valid username, email, password, and role","Signup")</span>
                  <em>
(Runs Cucumber Scenarios)                  </em>
                </div> <!-- method-content -->
              </div> <!-- method -->
              <div class="method">
                <div class="method-content">
                  <a name="runScenario(&quot;Signup with already registered email&quot;, &quot;Signup&quot;)">
                  </a> <!-- runScenario("Signup with already registered email", "Signup") -->
                  <span class="method-name">runScenario</span>
                  <span class="parameters">("Signup with already registered email","Signup")</span>
                  <em>
(Runs Cucumber Scenarios)                  </em>
                </div> <!-- method-content -->
              </div> <!-- method -->
            </div> <!-- main-panel-content rounded-window-bottom -->
          </div> <!-- suite-Cucumber_Test_Suite-class-passed -->
        </div> <!-- panel Cucumber_Test_Suite -->
        <div panel-name="test-xml-Cucumber_Test_Suite" class="panel">
          <div class="main-panel-header rounded-window-top">
            <span class="header-content">F:\JavaWorkSpace\LMS\testNG.xml</span>
          </div> <!-- main-panel-header rounded-window-top -->
          <div class="main-panel-content rounded-window-bottom">
            <pre>
&lt;?xml version=&quot;1.0&quot; encoding=&quot;UTF-8&quot;?&gt;
&lt;!DOCTYPE suite SYSTEM &quot;https://testng.org/testng-1.0.dtd&quot;&gt;
&lt;suite name=&quot;Cucumber Test Suite&quot;&gt;
  &lt;test thread-count=&quot;5&quot; name=&quot;Cucumber Scenarios&quot;&gt;
    &lt;classes&gt;
      &lt;class name=&quot;runners.TestRunner&quot;/&gt;
    &lt;/classes&gt;
  &lt;/test&gt; &lt;!-- Cucumber Scenarios --&gt;
&lt;/suite&gt; &lt;!-- Cucumber Test Suite --&gt;
            </pre>
          </div> <!-- main-panel-content rounded-window-bottom -->
        </div> <!-- panel -->
        <div panel-name="testlist-Cucumber_Test_Suite" class="panel">
          <div class="main-panel-header rounded-window-top">
            <span class="header-content">Tests for Cucumber Test Suite</span>
          </div> <!-- main-panel-header rounded-window-top -->
          <div class="main-panel-content rounded-window-bottom">
            <ul>
              <li>
                <span class="test-name">Cucumber Scenarios (1 class)</span>
              </li>
            </ul>
          </div> <!-- main-panel-content rounded-window-bottom -->
        </div> <!-- panel -->
        <div panel-name="group-Cucumber_Test_Suite" class="panel">
          <div class="main-panel-header rounded-window-top">
            <span class="header-content">Groups for Cucumber Test Suite</span>
          </div> <!-- main-panel-header rounded-window-top -->
          <div class="main-panel-content rounded-window-bottom">
            <div class="test-group">
              <span class="test-group-name">cucumber</span>
              <br/>
              <div class="method-in-group">
                <span class="method-in-group-name">runScenario</span>
                <br/>
              </div> <!-- method-in-group -->
            </div> <!-- test-group -->
          </div> <!-- main-panel-content rounded-window-bottom -->
        </div> <!-- panel -->
        <div panel-name="times-Cucumber_Test_Suite" class="panel">
          <div class="main-panel-header rounded-window-top">
            <span class="header-content">Times for Cucumber Test Suite</span>
          </div> <!-- main-panel-header rounded-window-top -->
          <div class="main-panel-content rounded-window-bottom">
            <div class="times-div">
              <script type="text/javascript">
suiteTableInitFunctions.push('tableData_Cucumber_Test_Suite');
function tableData_Cucumber_Test_Suite() {
var data = new google.visualization.DataTable();
data.addColumn('number', 'Number');
data.addColumn('string', 'Method');
data.addColumn('string', 'Class');
data.addColumn('number', 'Time (ms)');
data.addRows(16);
data.setCell(0, 0, 0)
data.setCell(0, 1, 'runScenario')
data.setCell(0, 2, 'runners.TestRunner')
data.setCell(0, 3, 19981);
data.setCell(1, 0, 1)
data.setCell(1, 1, 'runScenario')
data.setCell(1, 2, 'runners.TestRunner')
data.setCell(1, 3, 18522);
data.setCell(2, 0, 2)
data.setCell(2, 1, 'runScenario')
data.setCell(2, 2, 'runners.TestRunner')
data.setCell(2, 3, 15721);
data.setCell(3, 0, 3)
data.setCell(3, 1, 'runScenario')
data.setCell(3, 2, 'runners.TestRunner')
data.setCell(3, 3, 15004);
data.setCell(4, 0, 4)
data.setCell(4, 1, 'runScenario')
data.setCell(4, 2, 'runners.TestRunner')
data.setCell(4, 3, 14316);
data.setCell(5, 0, 5)
data.setCell(5, 1, 'runScenario')
data.setCell(5, 2, 'runners.TestRunner')
data.setCell(5, 3, 14274);
data.setCell(6, 0, 6)
data.setCell(6, 1, 'runScenario')
data.setCell(6, 2, 'runners.TestRunner')
data.setCell(6, 3, 7225);
data.setCell(7, 0, 7)
data.setCell(7, 1, 'runScenario')
data.setCell(7, 2, 'runners.TestRunner')
data.setCell(7, 3, 6599);
data.setCell(8, 0, 8)
data.setCell(8, 1, 'runScenario')
data.setCell(8, 2, 'runners.TestRunner')
data.setCell(8, 3, 5592);
data.setCell(9, 0, 9)
data.setCell(9, 1, 'runScenario')
data.setCell(9, 2, 'runners.TestRunner')
data.setCell(9, 3, 5488);
data.setCell(10, 0, 10)
data.setCell(10, 1, 'runScenario')
data.setCell(10, 2, 'runners.TestRunner')
data.setCell(10, 3, 5424);
data.setCell(11, 0, 11)
data.setCell(11, 1, 'runScenario')
data.setCell(11, 2, 'runners.TestRunner')
data.setCell(11, 3, 4994);
data.setCell(12, 0, 12)
data.setCell(12, 1, 'runScenario')
data.setCell(12, 2, 'runners.TestRunner')
data.setCell(12, 3, 4131);
data.setCell(13, 0, 13)
data.setCell(13, 1, 'runScenario')
data.setCell(13, 2, 'runners.TestRunner')
data.setCell(13, 3, 4025);
data.setCell(14, 0, 14)
data.setCell(14, 1, 'runScenario')
data.setCell(14, 2, 'runners.TestRunner')
data.setCell(14, 3, 3976);
data.setCell(15, 0, 15)
data.setCell(15, 1, 'runScenario')
data.setCell(15, 2, 'runners.TestRunner')
data.setCell(15, 3, 3731);
window.suiteTableData['Cucumber_Test_Suite']= { tableData: data, tableDiv: 'times-div-Cucumber_Test_Suite'}
return data;
}
              </script>
              <span class="suite-total-time">Total running time: 2 minutes</span>
              <div id="times-div-Cucumber_Test_Suite">
              </div> <!-- times-div-Cucumber_Test_Suite -->
            </div> <!-- times-div -->
          </div> <!-- main-panel-content rounded-window-bottom -->
        </div> <!-- panel -->
        <div panel-name="reporter-Cucumber_Test_Suite" class="panel">
          <div class="main-panel-header rounded-window-top">
            <span class="header-content">Reporter output for Cucumber Test Suite</span>
          </div> <!-- main-panel-header rounded-window-top -->
          <div class="main-panel-content rounded-window-bottom">
          </div> <!-- main-panel-content rounded-window-bottom -->
        </div> <!-- panel -->
        <div panel-name="ignored-methods-Cucumber_Test_Suite" class="panel">
          <div class="main-panel-header rounded-window-top">
            <span class="header-content">0 ignored methods</span>
          </div> <!-- main-panel-header rounded-window-top -->
          <div class="main-panel-content rounded-window-bottom">
          </div> <!-- main-panel-content rounded-window-bottom -->
        </div> <!-- panel -->
        <div panel-name="chronological-Cucumber_Test_Suite" class="panel">
          <div class="main-panel-header rounded-window-top">
            <span class="header-content">Methods in chronological order</span>
          </div> <!-- main-panel-header rounded-window-top -->
          <div class="main-panel-content rounded-window-bottom">
            <div class="chronological-class">
              <div class="chronological-class-name">runners.TestRunner</div> <!-- chronological-class-name -->
              <div class="configuration-class before">
                <span class="method-name">setUpClass(org.testng.TestRunner@2e45a357)</span>
                <span class="method-start">0 ms</span>
              </div> <!-- configuration-class before -->
              <div class="test-method">
                <span class="method-name">runScenario("Successful login with valid username and password", "Login functionality")</span>
                <span class="method-start">1048 ms</span>
              </div> <!-- test-method -->
              <div class="test-method">
                <img src="failed.png">
                </img>
                <span class="method-name">runScenario("Login with empty username", "Login functionality")</span>
                <span class="method-start">8281 ms</span>
              </div> <!-- test-method -->
              <div class="test-method">
                <img src="failed.png">
                </img>
                <span class="method-name">runScenario("Login with empty password", "Login functionality")</span>
                <span class="method-start">12017 ms</span>
              </div> <!-- test-method -->
              <div class="test-method">
                <img src="failed.png">
                </img>
                <span class="method-name">runScenario("Login with both fields empty", "Login functionality")</span>
                <span class="method-start">16045 ms</span>
              </div> <!-- test-method -->
              <div class="test-method">
                <img src="failed.png">
                </img>
                <span class="method-name">runScenario("Login with invalid username", "Login functionality")</span>
                <span class="method-start">20024 ms</span>
              </div> <!-- test-method -->
              <div class="test-method">
                <img src="failed.png">
                </img>
                <span class="method-name">runScenario("Login with invalid password", "Login functionality")</span>
                <span class="method-start">34342 ms</span>
              </div> <!-- test-method -->
              <div class="test-method">
                <img src="failed.png">
                </img>
                <span class="method-name">runScenario("Login with case-sensitive username", "Login functionality")</span>
                <span class="method-start">48619 ms</span>
              </div> <!-- test-method -->
              <div class="test-method">
                <span class="method-name">runScenario("Successful signup with valid username, email, password, and role", "Signup")</span>
                <span class="method-start">64346 ms</span>
              </div> <!-- test-method -->
              <div class="test-method">
                <span class="method-name">runScenario("Signup with empty username", "Signup")</span>
                <span class="method-start">69939 ms</span>
              </div> <!-- test-method -->
              <div class="test-method">
                <span class="method-name">runScenario("Signup with empty email", "Signup")</span>
                <span class="method-start">75429 ms</span>
              </div> <!-- test-method -->
              <div class="test-method">
                <span class="method-name">runScenario("Signup with empty password", "Signup")</span>
                <span class="method-start">93953 ms</span>
              </div> <!-- test-method -->
              <div class="test-method">
                <span class="method-name">runScenario("Signup with unselected role", "Signup")</span>
                <span class="method-start">98949 ms</span>
              </div> <!-- test-method -->
              <div class="test-method">
                <img src="failed.png">
                </img>
                <span class="method-name">runScenario("Signup with invalid email format", "Signup")</span>
                <span class="method-start">104375 ms</span>
              </div> <!-- test-method -->
              <div class="test-method">
                <span class="method-name">runScenario("Signup with weak password", "Signup")</span>
                <span class="method-start">119382 ms</span>
              </div> <!-- test-method -->
              <div class="test-method">
                <span class="method-name">runScenario("Signup with already registered email", "Signup")</span>
                <span class="method-start">139365 ms</span>
              </div> <!-- test-method -->
              <div class="test-method">
                <img src="failed.png">
                </img>
                <span class="method-name">runScenario("Signup with all fields empty", "Signup")</span>
                <span class="method-start">145965 ms</span>
              </div> <!-- test-method -->
              <div class="configuration-class after">
                <span class="method-name">tearDownClass</span>
                <span class="method-start">150103 ms</span>
              </div> <!-- configuration-class after -->
          </div> <!-- main-panel-content rounded-window-bottom -->
        </div> <!-- panel -->
      </div> <!-- main-panel-root -->
    </div> <!-- wrapper -->
  </body>
<script type="text/javascript" src="testng-reports2.js"></script>
</html>
